[debug] [2023-04-05T10:43:21.181Z] ----------------------------------------------------------------------
[debug] [2023-04-05T10:43:21.183Z] Command:       /home/dandy/.nvm/versions/node/v18.10.0/bin/node /home/dandy/.nvm/versions/node/v18.10.0/bin/firebase -P entertainment-recommenda-e2bf2 init
[debug] [2023-04-05T10:43:21.184Z] CLI Version:   11.25.2
[debug] [2023-04-05T10:43:21.184Z] Platform:      linux
[debug] [2023-04-05T10:43:21.184Z] Node Version:  v18.10.0
[debug] [2023-04-05T10:43:21.184Z] Time:          Wed Apr 05 2023 11:43:21 GMT+0100 (West Africa Standard Time)
[debug] [2023-04-05T10:43:21.185Z] ----------------------------------------------------------------------
[debug] 
[debug] [2023-04-05T10:43:21.271Z] Object "" in "firebase.json" has unknown property: {"additionalProperty":"apiKey"}
[debug] [2023-04-05T10:43:21.274Z] > command requires scopes: ["email","openid","https://www.googleapis.com/auth/cloudplatformprojects.readonly","https://www.googleapis.com/auth/firebase","https://www.googleapis.com/auth/cloud-platform"]
[debug] [2023-04-05T10:43:21.274Z] > authorizing via signed-in user (dandyjoshua14@gmail.com)
[debug] [2023-04-05T10:43:21.275Z] Object "" in "firebase.json" has unknown property: {"additionalProperty":"apiKey"}
[info] 
     ######## #### ########  ######## ########     ###     ######  ########
     ##        ##  ##     ## ##       ##     ##  ##   ##  ##       ##
     ######    ##  ########  ######   ########  #########  ######  ######
     ##        ##  ##    ##  ##       ##     ## ##     ##       ## ##
     ##       #### ##     ## ######## ########  ##     ##  ######  ########

You're about to initialize a Firebase project in this directory:

  /home/dandy/Documents/Projects/hackathon/entertainment-recommendation

Before we get started, keep in mind:

  * You are initializing within an existing Firebase project directory

[info] 
=== Project Setup
[info] 
[info] First, let's associate this project directory with a Firebase project.
[info] You can create multiple project aliases by running firebase use --add, 
[info] but for now we'll just set up a default project.
[info] 
[debug] [2023-04-05T10:43:23.262Z] Using project from CLI flag: entertainment-recommenda-e2bf2
[debug] [2023-04-05T10:43:23.267Z] > refreshing access token with scopes: []
[debug] [2023-04-05T10:43:23.280Z] >>> [apiv2][query] POST https://www.googleapis.com/oauth2/v3/token [none]
[debug] [2023-04-05T10:43:23.281Z] >>> [apiv2][body] POST https://www.googleapis.com/oauth2/v3/token [omitted]
[debug] [2023-04-05T10:43:24.922Z] <<< [apiv2][status] POST https://www.googleapis.com/oauth2/v3/token 400
[debug] [2023-04-05T10:43:24.926Z] <<< [apiv2][body] POST https://www.googleapis.com/oauth2/v3/token [omitted]
[debug] [2023-04-05T10:43:24.927Z] >>> [apiv2][query] GET https://firebase.googleapis.com/v1beta1/projects/entertainment-recommenda-e2bf2 [none]
[debug] [2023-04-05T10:43:25.492Z] <<< [apiv2][status] GET https://firebase.googleapis.com/v1beta1/projects/entertainment-recommenda-e2bf2 401
[debug] [2023-04-05T10:43:25.493Z] <<< [apiv2][body] GET https://firebase.googleapis.com/v1beta1/projects/entertainment-recommenda-e2bf2 {"error":{"code":401,"message":"Request had invalid authentication credentials. Expected OAuth 2 access token, login cookie or other valid authentication credential. See https://developers.google.com/identity/sign-in/web/devconsole-project.","status":"UNAUTHENTICATED"}}
[debug] [2023-04-05T10:43:25.495Z] HTTP Error: 401, Request had invalid authentication credentials. Expected OAuth 2 access token, login cookie or other valid authentication credential. See https://developers.google.com/identity/sign-in/web/devconsole-project.
[debug] [2023-04-05T10:43:26.829Z] FirebaseError: HTTP Error: 401, Request had invalid authentication credentials. Expected OAuth 2 access token, login cookie or other valid authentication credential. See https://developers.google.com/identity/sign-in/web/devconsole-project.
    at responseToError (/home/dandy/.nvm/versions/node/v18.10.0/lib/node_modules/firebase-tools/lib/responseToError.js:49:12)
    at RetryOperation._fn (/home/dandy/.nvm/versions/node/v18.10.0/lib/node_modules/firebase-tools/lib/apiv2.js:288:77)
    at process.processTicksAndRejections (node:internal/process/task_queues:95:5)
[error] 
[error] Error: Failed to get Firebase project entertainment-recommenda-e2bf2. Please make sure the project exists and your account has permission to access it.
